editor.opened%5B%5D=1362882816893%3APydevEditor_2.3.0.2011121518
plugin.started%5B%5D=1362882823932%3APydev_2.3.0.2011121518
<<<<<<< HEAD
plugin.started%5B%5D=1363029498040%3APydev_2.3.0.2011121518
editor.opened%5B%5D=1363029737725%3APydevEditor_2.3.0.2011121518
=======
plugin.started%5B%5D=1363016187470%3APydev_2.3.0.2011121518
editor.opened%5B%5D=1363016513232%3APydevEditor_2.3.0.2011121518
editor.opened%5B%5D=1363016519499%3APydevEditor_2.3.0.2011121518
editor.opened%5B%5D=1363016620646%3APydevEditor_2.3.0.2011121518
plugin.started%5B%5D=1363030152365%3APydev_2.3.0.2011121518
editor.opened%5B%5D=1363030177570%3APydevEditor_2.3.0.2011121518
editor.opened%5B%5D=1363030630535%3APydevEditor_2.3.0.2011121518
>>>>>>> Dev-Bracnh-March-11th
editor.opened%5B%5D=1363382906136%3APydevEditor_2.3.0.2011121518
plugin.started%5B%5D=1363382908884%3APydev_2.3.0.2011121518
editor.opened%5B%5D=1363458478163%3APydevEditor_2.3.0.2011121518
plugin.started%5B%5D=1363458481567%3APydev_2.3.0.2011121518
editor.opened%5B%5D=1363462431063%3APydevEditor_2.3.0.2011121518
editor.opened%5B%5D=1363468372411%3APydevEditor_2.3.0.2011121518
plugin.started%5B%5D=1363468374830%3APydev_2.3.0.2011121518
editor.opened%5B%5D=1363474749073%3APydevEditor_2.3.0.2011121518
editor.opened%5B%5D=1363474769404%3APydevEditor_2.3.0.2011121518
editor.opened%5B%5D=1363474770898%3APydevEditor_2.3.0.2011121518
editor.opened%5B%5D=1363620881316%3APydevEditor_2.3.0.2011121518
plugin.started%5B%5D=1363620883715%3APydev_2.3.0.2011121518
editor.opened%5B%5D=1363637996741%3APydevEditor_2.3.0.2011121518
plugin.started%5B%5D=1363707283718%3APydev_2.3.0.2011121518
editor.opened%5B%5D=1363707374358%3APydevEditor_2.3.0.2011121518
plugin.started%5B%5D=1363803266634%3APydev_2.3.0.2011121518
plugin.started%5B%5D=1363878259112%3APydev_2.3.0.2011121518
editor.opened%5B%5D=1363885388443%3APydevEditor_2.3.0.2011121518
plugin.started%5B%5D=1363964659183%3APydev_2.3.0.2011121518
editor.opened%5B%5D=1363975529177%3APydevEditor_2.3.0.2011121518
editor.opened%5B%5D=1363977119912%3APydevEditor_2.3.0.2011121518
editor.opened%5B%5D=1363977128857%3APydevEditor_2.3.0.2011121518
editor.opened%5B%5D=1363977474885%3APydevEditor_2.3.0.2011121518
editor.opened%5B%5D=1363978832724%3APydevEditor_2.3.0.2011121518
editor.opened%5B%5D=1363978833922%3APydevEditor_2.3.0.2011121518
plugin.started%5B%5D=1364051827139%3APydev_2.3.0.2011121518
editor.opened%5B%5D=1364063881622%3APydevEditor_2.3.0.2011121518
plugin.started%5B%5D=1364176874929%3APydev_2.3.0.2011121518
plugin.started%5B%5D=1364263274931%3APydev_2.3.0.2011121518
plugin.started%5B%5D=1364447582932%3APydev_2.3.0.2011121518
editor.opened%5B%5D=1364447586121%3APydevEditor_2.3.0.2011121518
editor.opened%5B%5D=1364447735254%3APydevEditor_2.3.0.2011121518
